# JRE version: Java(TM) SE Runtime Environment (8.0_65-b17) (build 1.8.0_65-b17)
# Java VM: Java HotSpot(TM) 64-Bit Server VM (25.65-b01 mixed mode windows-amd64 compressed oops)
Heap:
 PSYoungGen      total 86528K, used 60981K [0x00000000eab00000, 0x00000000f1f00000, 0x0000000100000000)
  eden space 84992K, 71% used [0x00000000eab00000,0x00000000ee68d540,0x00000000efe00000)
  from space 1536K, 0% used [0x00000000efe00000,0x00000000efe00000,0x00000000eff80000)
  to   space 16896K, 0% used [0x00000000f0e80000,0x00000000f0e80000,0x00000000f1f00000)
 ParOldGen       total 75776K, used 39295K [0x00000000c0000000, 0x00000000c4a00000, 0x00000000eab00000)
  object space 75776K, 51% used [0x00000000c0000000,0x00000000c265fc70,0x00000000c4a00000)
 Metaspace       used 57431K, capacity 61226K, committed 62720K, reserved 1103872K
  class space    used 7460K, capacity 7936K, committed 8448K, reserved 1048576K
GC Heap History (10 events):
Event: 4993.783 GC heap before
{Heap before GC invocations=52 (full 13):
 PSYoungGen      total 103424K, used 79068K [0x00000000eab00000, 0x00000000f2380000, 0x0000000100000000)
  eden space 87552K, 79% used [0x00000000eab00000,0x00000000eeec5598,0x00000000f0080000)
  from space 15872K, 60% used [0x00000000f1400000,0x00000000f1d71d20,0x00000000f2380000)
  to   space 17920K, 0% used [0x00000000f0080000,0x00000000f0080000,0x00000000f1200000)
 ParOldGen       total 75776K, used 41945K [0x00000000c0000000, 0x00000000c4a00000, 0x00000000eab00000)
  object space 75776K, 55% used [0x00000000c0000000,0x00000000c28f66c8,0x00000000c4a00000)
 Metaspace       used 57394K, capacity 60928K, committed 61184K, reserved 1101824K
  class space    used 7476K, capacity 7978K, committed 8192K, reserved 1048576K
Event: 4993.786 GC heap after
Heap after GC invocations=52 (full 13):
 PSYoungGen      total 89088K, used 1439K [0x00000000eab00000, 0x00000000f2280000, 0x0000000100000000)
  eden space 87552K, 0% used [0x00000000eab00000,0x00000000eab00000,0x00000000f0080000)
  from space 1536K, 93% used [0x00000000f0080000,0x00000000f01e7c50,0x00000000f0200000)
  to   space 17408K, 0% used [0x00000000f1180000,0x00000000f1180000,0x00000000f2280000)
 ParOldGen       total 75776K, used 41953K [0x00000000c0000000, 0x00000000c4a00000, 0x00000000eab00000)
  object space 75776K, 55% used [0x00000000c0000000,0x00000000c28f86c8,0x00000000c4a00000)
 Metaspace       used 57394K, capacity 60928K, committed 61184K, reserved 1101824K
  class space    used 7476K, capacity 7978K, committed 8192K, reserved 1048576K
}
Event: 4993.786 GC heap before
{Heap before GC invocations=53 (full 14):
 PSYoungGen      total 89088K, used 1439K [0x00000000eab00000, 0x00000000f2280000, 0x0000000100000000)
  eden space 87552K, 0% used [0x00000000eab00000,0x00000000eab00000,0x00000000f0080000)
  from space 1536K, 93% used [0x00000000f0080000,0x00000000f01e7c50,0x00000000f0200000)
  to   space 17408K, 0% used [0x00000000f1180000,0x00000000f1180000,0x00000000f2280000)
 ParOldGen       total 75776K, used 41953K [0x00000000c0000000, 0x00000000c4a00000, 0x00000000eab00000)
  object space 75776K, 55% used [0x00000000c0000000,0x00000000c28f86c8,0x00000000c4a00000)
 Metaspace       used 57394K, capacity 60928K, committed 61184K, reserved 1101824K
  class space    used 7476K, capacity 7978K, committed 8192K, reserved 1048576K
Event: 4994.001 GC heap after
Heap after GC invocations=53 (full 14):
 PSYoungGen      total 89088K, used 0K [0x00000000eab00000, 0x00000000f2280000, 0x0000000100000000)
  eden space 87552K, 0% used [0x00000000eab00000,0x00000000eab00000,0x00000000f0080000)
  from space 1536K, 0% used [0x00000000f0080000,0x00000000f0080000,0x00000000f0200000)
  to   space 17408K, 0% used [0x00000000f1180000,0x00000000f1180000,0x00000000f2280000)
 ParOldGen       total 75776K, used 42846K [0x00000000c0000000, 0x00000000c4a00000, 0x00000000eab00000)
  object space 75776K, 56% used [0x00000000c0000000,0x00000000c29d7b18,0x00000000c4a00000)
 Metaspace       used 57394K, capacity 60928K, committed 61184K, reserved 1101824K
  class space    used 7476K, capacity 7978K, committed 8192K, reserved 1048576K
}
Event: 6298.934 GC heap before
{Heap before GC invocations=54 (full 14):
 PSYoungGen      total 89088K, used 87552K [0x00000000eab00000, 0x00000000f2280000, 0x0000000100000000)
  eden space 87552K, 100% used [0x00000000eab00000,0x00000000f0080000,0x00000000f0080000)
  from space 1536K, 0% used [0x00000000f0080000,0x00000000f0080000,0x00000000f0200000)
  to   space 17408K, 0% used [0x00000000f1180000,0x00000000f1180000,0x00000000f2280000)
 ParOldGen       total 75776K, used 42846K [0x00000000c0000000, 0x00000000c4a00000, 0x00000000eab00000)
  object space 75776K, 56% used [0x00000000c0000000,0x00000000c29d7b18,0x00000000c4a00000)
 Metaspace       used 57955K, capacity 62140K, committed 62464K, reserved 1103872K
  class space    used 7580K, capacity 8161K, committed 8448K, reserved 1048576K
Event: 6298.948 GC heap after
Heap after GC invocations=54 (full 14):
 PSYoungGen      total 99840K, used 8957K [0x00000000eab00000, 0x00000000f2000000, 0x0000000100000000)
  eden space 84992K, 0% used [0x00000000eab00000,0x00000000eab00000,0x00000000efe00000)
  from space 14848K, 60% used [0x00000000f1180000,0x00000000f1a3f6f0,0x00000000f2000000)
  to   space 17408K, 0% used [0x00000000efe00000,0x00000000efe00000,0x00000000f0f00000)
 ParOldGen       total 75776K, used 42854K [0x00000000c0000000, 0x00000000c4a00000, 0x00000000eab00000)
  object space 75776K, 56% used [0x00000000c0000000,0x00000000c29d9b18,0x00000000c4a00000)
 Metaspace       used 57955K, capacity 62140K, committed 62464K, reserved 1103872K
  class space    used 7580K, capacity 8161K, committed 8448K, reserved 1048576K
}
Event: 6304.188 GC heap before
{Heap before GC invocations=55 (full 14):
 PSYoungGen      total 99840K, used 80883K [0x00000000eab00000, 0x00000000f2000000, 0x0000000100000000)
  eden space 84992K, 84% used [0x00000000eab00000,0x00000000ef13d6e0,0x00000000efe00000)
  from space 14848K, 60% used [0x00000000f1180000,0x00000000f1a3f6f0,0x00000000f2000000)
  to   space 17408K, 0% used [0x00000000efe00000,0x00000000efe00000,0x00000000f0f00000)
 ParOldGen       total 75776K, used 42854K [0x00000000c0000000, 0x00000000c4a00000, 0x00000000eab00000)
  object space 75776K, 56% used [0x00000000c0000000,0x00000000c29d9b18,0x00000000c4a00000)
 Metaspace       used 57983K, capacity 62158K, committed 62464K, reserved 1103872K
  class space    used 7582K, capacity 8164K, committed 8448K, reserved 1048576K
Event: 6304.192 GC heap after
Heap after GC invocations=55 (full 14):
 PSYoungGen      total 86528K, used 1519K [0x00000000eab00000, 0x00000000f1f00000, 0x0000000100000000)
  eden space 84992K, 0% used [0x00000000eab00000,0x00000000eab00000,0x00000000efe00000)
  from space 1536K, 98% used [0x00000000efe00000,0x00000000eff7bc60,0x00000000eff80000)
  to   space 16896K, 0% used [0x00000000f0e80000,0x00000000f0e80000,0x00000000f1f00000)
 ParOldGen       total 75776K, used 42854K [0x00000000c0000000, 0x00000000c4a00000, 0x00000000eab00000)
  object space 75776K, 56% used [0x00000000c0000000,0x00000000c29d9b18,0x00000000c4a00000)
 Metaspace       used 57983K, capacity 62158K, committed 62464K, reserved 1103872K
  class space    used 7582K, capacity 8164K, committed 8448K, reserved 1048576K
}
Event: 6304.192 GC heap before
{Heap before GC invocations=56 (full 15):
 PSYoungGen      total 86528K, used 1519K [0x00000000eab00000, 0x00000000f1f00000, 0x0000000100000000)
  eden space 84992K, 0% used [0x00000000eab00000,0x00000000eab00000,0x00000000efe00000)
  from space 1536K, 98% used [0x00000000efe00000,0x00000000eff7bc60,0x00000000eff80000)
  to   space 16896K, 0% used [0x00000000f0e80000,0x00000000f0e80000,0x00000000f1f00000)
 ParOldGen       total 75776K, used 42854K [0x00000000c0000000, 0x00000000c4a00000, 0x00000000eab00000)
  object space 75776K, 56% used [0x00000000c0000000,0x00000000c29d9b18,0x00000000c4a00000)
 Metaspace       used 57983K, capacity 62158K, committed 62464K, reserved 1103872K
  class space    used 7582K, capacity 8164K, committed 8448K, reserved 1048576K
Event: 6304.504 GC heap after
Heap after GC invocations=56 (full 15):
 PSYoungGen      total 86528K, used 0K [0x00000000eab00000, 0x00000000f1f00000, 0x0000000100000000)
  eden space 84992K, 0% used [0x00000000eab00000,0x00000000eab00000,0x00000000efe00000)
  from space 1536K, 0% used [0x00000000efe00000,0x00000000efe00000,0x00000000eff80000)
  to   space 16896K, 0% used [0x00000000f0e80000,0x00000000f0e80000,0x00000000f1f00000)
 ParOldGen       total 75776K, used 39295K [0x00000000c0000000, 0x00000000c4a00000, 0x00000000eab00000)
  object space 75776K, 51% used [0x00000000c0000000,0x00000000c265fc70,0x00000000c4a00000)
 Metaspace       used 57264K, capacity 60924K, committed 62464K, reserved 1103872K
  class space    used 7432K, capacity 7891K, committed 8448K, reserved 1048576K
}

